<?xml version="1.0" encoding="UTF-8"?>
<!-- Generated by org.testng.reporters.JUnitReportReporter -->
<testsuite hostname="LAPTOP-0M17UIVA" failures="0" tests="4" name="testclass.testng.parameters.DataProviderWithExcel" time="23.062" errors="0" timestamp="2024-11-07T21:56:09 IST" skipped="0">
  <testcase classname="testclass.testng.parameters.DataProviderWithExcel" name="verifyGoogleSearchDemo" time="5.693"/>
  <testcase classname="testclass.testng.parameters.DataProviderWithExcel" name="verifyGoogleSearchDemo" time="6.083"/>
  <testcase classname="testclass.testng.parameters.DataProviderWithExcel" name="verifyGoogleSearchDemo" time="5.666"/>
  <testcase classname="testclass.testng.parameters.DataProviderWithExcel" name="verifyGoogleSearchDemo" time="5.620"/>
</testsuite> <!-- testclass.testng.parameters.DataProviderWithExcel -->
